<?xml version="1.0" encoding="UTF-8"?>
<!-- Generated by org.testng.reporters.JUnitXMLReporter -->
<testsuite ignored="0" hostname="DESKTOP-S0KT607" failures="0" tests="6" name="ShoppingCartTests" time="48.699" errors="0" timestamp="2025-05-05T06:29:53 WIB">
  <testcase classname="com.periplus.automation.ShoppingCartTest" name="login" time="4.691"/>
  <testcase classname="com.periplus.automation.ShoppingCartTest" name="addHarryPotterToCart" time="9.506"/>
  <testcase classname="com.periplus.automation.ShoppingCartTest" name="addGameOfThronesToCart" time="9.748"/>
  <testcase classname="com.periplus.automation.ShoppingCartTest" name="verifyProductInCart" time="4.349"/>
  <testcase classname="com.periplus.automation.ShoppingCartTest" name="cartPersistenceAfterRefresh" time="4.252"/>
  <testcase classname="com.periplus.automation.ShoppingCartTest" name="deleteAllProductsFromCart" time="15.035"/>
</testsuite> <!-- ShoppingCartTests -->
